<?xml version="1.0" encoding="UTF-8"?>
<!-- Generated by org.testng.reporters.JUnitReportReporter -->
<testsuite hostname="DESKTOP-CM623GF" failures="0" tests="1" name="test" time="0.014" errors="0" timestamp="12 Jan 2023 11:36:58 GMT" skipped="0">
  <testcase classname="test" name="test1" time="0.014"/>
</testsuite> <!-- test -->
