<?xml version="1.0" encoding="UTF-8"?>
<!-- Generated by org.testng.reporters.JUnitReportReporter -->
<testsuite hostname="DESKTOP-CM623GF" failures="0" tests="2" name="Autom.Verifymarkcompletestatus" time="35.610" errors="0" timestamp="2023-03-13T12:58:41 IST" skipped="0">
  <testcase classname="Autom.Verifymarkcompletestatus" name="verifyCommentStatusPM" time="15.414"/>
  <system-out/>
  <testcase classname="Autom.Verifymarkcompletestatus" name="verifyCommentStatusBroker" time="20.196"/>
  <system-out/>
</testsuite> <!-- Autom.Verifymarkcompletestatus -->
