<?xml version="1.0" encoding="UTF-8"?>
<!-- Generated by org.testng.reporters.JUnitReportReporter -->
<testsuite hostname="DESKTOP-CM623GF" failures="0" tests="4" name="Autom.Toverifylatestcomment" time="46.071" errors="0" timestamp="2023-03-13T12:58:41 IST" skipped="0">
  <testcase classname="Autom.Toverifylatestcomment" name="vefiryPilotDetailsLatestcomment" time="17.252"/>
  <system-out/>
  <testcase classname="Autom.Toverifylatestcomment" name="verifyLatestCommentPM" time="7.217"/>
  <system-out/>
  <testcase classname="Autom.Toverifylatestcomment" name="VerifyLatestCommentAddedByPM" time="10.320"/>
  <system-out/>
  <testcase classname="Autom.Toverifylatestcomment" name="VerifyPMcommentONPilotPortal" time="11.282"/>
  <system-out/>
</testsuite> <!-- Autom.Toverifylatestcomment -->
