<?xml version="1.0" encoding="UTF-8"?>
<!-- Generated by org.testng.reporters.JUnitReportReporter -->
<testsuite hostname="DESKTOP-CM623GF" failures="0" tests="5" name="Autom.Videomspmportal" time="73.713" errors="0" timestamp="2023-03-13T12:58:41 IST" skipped="0">
  <testcase classname="Autom.Videomspmportal" name="VerifyNameinProjectList" time="6.621"/>
  <system-out/>
  <testcase classname="Autom.Videomspmportal" name="verifyProjectinassets" time="7.214"/>
  <system-out/>
  <testcase classname="Autom.Videomspmportal" name="inviteEditor" time="29.156"/>
  <system-out/>
  <testcase classname="Autom.Videomspmportal" name="invitepilot" time="17.139"/>
  <system-out/>
  <testcase classname="Autom.Videomspmportal" name="pilotAlreadyExitcheck" time="13.583"/>
  <system-out/>
</testsuite> <!-- Autom.Videomspmportal -->
