<?xml version="1.0" encoding="UTF-8"?>
<!-- Generated by org.testng.reporters.JUnitReportReporter -->
<testsuite hostname="DESKTOP-CM623GF" failures="0" tests="4" name="Autom.Editor" time="70.846" errors="0" timestamp="2023-03-13T12:58:41 IST" skipped="0">
  <testcase classname="Autom.Editor" name="verifyActiveProject" time="7.553"/>
  <system-out/>
  <testcase classname="Autom.Editor" name="acceptInvitation" time="11.658"/>
  <system-out/>
  <testcase classname="Autom.Editor" name="projectInAssset" time="10.790"/>
  <system-out/>
  <testcase classname="Autom.Editor" name="uploadVideo" time="40.845"/>
  <system-out/>
</testsuite> <!-- Autom.Editor -->
