<?xml version="1.0" encoding="UTF-8"?>
<!-- Generated by org.testng.reporters.JUnitReportReporter -->
<testsuite hostname="DESKTOP-CM623GF" failures="0" tests="2" name="Autom.Brokervideoreview" time="85.665" errors="0" timestamp="2023-03-13T12:58:41 IST" skipped="0">
  <testcase classname="Autom.Brokervideoreview" name="verifylink" time="43.743"/>
  <system-out/>
  <testcase classname="Autom.Brokervideoreview" name="addCommentOnVideo" time="41.922"/>
  <system-out/>
</testsuite> <!-- Autom.Brokervideoreview -->
