<?xml version="1.0" encoding="UTF-8"?>
<!-- Generated by org.testng.reporters.JUnitReportReporter -->
<testsuite hostname="DESKTOP-CM623GF" failures="0" tests="1" name="Autom.Editormarkcomplete" time="14.946" errors="0" timestamp="2023-03-13T12:58:41 IST" skipped="0">
  <testcase classname="Autom.Editormarkcomplete" name="Markallcomplete" time="14.946"/>
  <system-out/>
</testsuite> <!-- Autom.Editormarkcomplete -->
