<?xml version="1.0" encoding="UTF-8"?>
<!-- Generated by org.testng.reporters.JUnitReportReporter -->
<testsuite hostname="DESKTOP-CM623GF" failures="0" tests="1" name="Autom.Projectcheckout" time="36.225" errors="0" timestamp="2023-03-13T12:58:41 IST" skipped="0">
  <testcase classname="Autom.Projectcheckout" name="checkout" time="36.225"/>
  <system-out/>
</testsuite> <!-- Autom.Projectcheckout -->
