<?xml version="1.0" encoding="UTF-8"?>
<!-- Generated by org.testng.reporters.JUnitReportReporter -->
<testsuite hostname="DESKTOP-CM623GF" failures="0" tests="1" name="Autom.Videomspmapproval" time="15.759" errors="0" timestamp="2023-03-13T12:58:41 IST" skipped="0">
  <testcase classname="Autom.Videomspmapproval" name="approveVideo" time="15.759"/>
  <system-out/>
</testsuite> <!-- Autom.Videomspmapproval -->
