<?xml version="1.0" encoding="UTF-8"?>
<!-- Generated by org.testng.reporters.JUnitReportReporter -->
<testsuite hostname="DESKTOP-CM623GF" failures="0" tests="5" name="Autom.pilot" time="87.295" errors="0" timestamp="2023-03-13T12:58:41 IST" skipped="0">
  <testcase classname="Autom.pilot" name="verifyProjectInvitation" time="8.929"/>
  <system-out/>
  <testcase classname="Autom.pilot" name="verifynewprojectlabel" time="10.889"/>
  <system-out/>
  <testcase classname="Autom.pilot" name="acceptProjectInvitation" time="13.006"/>
  <system-out/>
  <testcase classname="Autom.pilot" name="addPilotNotes" time="17.511"/>
  <system-out/>
  <testcase classname="Autom.pilot" name="testpilotfileupload" time="36.960"/>
  <system-out/>
</testsuite> <!-- Autom.pilot -->
